<?xml version="1.0" encoding="UTF-8"?>
<!-- Generated by org.testng.reporters.JUnitReportReporter -->
<testsuite hostname="DESKTOP-DHS7HH7" failures="0" tests="1" name="com.testautomation.apitesting.tests.createPOJOsPractice" time="5.833" errors="0" timestamp="2023-05-09T16:24:20 IST" skipped="0">
  <testcase classname="com.testautomation.apitesting.tests.createPOJOsPractice" name="pojocApicreate" time="5.833"/>
  <system-out/>
</testsuite> <!-- com.testautomation.apitesting.tests.createPOJOsPractice -->
