<?xml version="1.0" encoding="UTF-8"?>
<!-- Generated by org.testng.reporters.JUnitReportReporter -->
<testsuite hostname="DESKTOP-DHS7HH7" failures="0" tests="1" name="com.testautomation.apitesting.tests.GetApiRequest" time="9.086" errors="0" timestamp="2023-05-04T21:58:57 IST" skipped="0">
  <testcase classname="com.testautomation.apitesting.tests.GetApiRequest" name="getAllBookings" time="9.086"/>
  <system-out/>
</testsuite> <!-- com.testautomation.apitesting.tests.GetApiRequest -->
