<?xml version="1.0" encoding="UTF-8"?>
<!-- Generated by org.testng.reporters.JUnitReportReporter -->
<testsuite hostname="DESKTOP-DHS7HH7" failures="0" tests="1" name="com.testautomation.apitesting.tests.particulargetdatapractice" time="3.581" errors="0" timestamp="2023-05-09T11:57:19 IST" skipped="0">
  <testcase classname="com.testautomation.apitesting.tests.particulargetdatapractice" name="particular" time="3.581"/>
  <system-out/>
</testsuite> <!-- com.testautomation.apitesting.tests.particulargetdatapractice -->
