<?xml version="1.0" encoding="UTF-8"?>
<!-- Generated by org.testng.reporters.JUnitReportReporter -->
<testsuite hostname="DESKTOP-DHS7HH7" failures="0" tests="1" name="com.testautomation.apitesting.tests.EndToEndTest" time="13.042" errors="0" timestamp="2023-05-11T11:36:59 IST" skipped="0">
  <testcase classname="com.testautomation.apitesting.tests.EndToEndTest" name="endtoend" time="13.042"/>
  <system-out/>
</testsuite> <!-- com.testautomation.apitesting.tests.EndToEndTest -->
