<?xml version="1.0" encoding="UTF-8"?>
<!-- Generated by org.testng.reporters.JUnitReportReporter -->
<testsuite hostname="DESKTOP-DHS7HH7" failures="0" tests="1" name="com.testautomation.apitesting.tests.PostUsingFile" time="4.914" errors="0" timestamp="2023-05-09T13:07:28 IST" skipped="0">
  <testcase classname="com.testautomation.apitesting.tests.PostUsingFile" name="createbooking" time="4.914"/>
  <system-out/>
</testsuite> <!-- com.testautomation.apitesting.tests.PostUsingFile -->
