<?xml version="1.0" encoding="UTF-8"?>
<!-- Generated by org.testng.reporters.JUnitReportReporter -->
<testsuite hostname="DESKTOP-DHS7HH7" failures="0" tests="1" name="com.testautomation.apitesting.tests.getApiRequestPractice" time="3.683" errors="0" timestamp="2023-05-09T11:48:59 IST" skipped="0">
  <testcase classname="com.testautomation.apitesting.tests.getApiRequestPractice" name="getapi" time="3.683"/>
  <system-out/>
</testsuite> <!-- com.testautomation.apitesting.tests.getApiRequestPractice -->
