<?xml version="1.0" encoding="UTF-8"?>
<!-- Generated by org.testng.reporters.JUnitReportReporter -->
<testsuite hostname="DESKTOP-DHS7HH7" failures="0" tests="1" name="com.testautomation.apitesting.tests.PutApiRequest" time="7.323" errors="0" timestamp="2023-05-10T12:31:25 IST" skipped="0">
  <testcase classname="com.testautomation.apitesting.tests.PutApiRequest" name="updateApi" time="7.323"/>
  <system-out/>
</testsuite> <!-- com.testautomation.apitesting.tests.PutApiRequest -->
