<?xml version="1.0" encoding="UTF-8"?>
<!-- Generated by org.testng.reporters.JUnitReportReporter -->
<testsuite hostname="DESKTOP-DHS7HH7" failures="0" tests="1" name="com.testautomation.apitesting.tests.DeleteApiRequest" time="6.627" errors="0" timestamp="2023-05-10T13:03:36 IST" skipped="0">
  <testcase classname="com.testautomation.apitesting.tests.DeleteApiRequest" name="deleteapi" time="6.627"/>
  <system-out/>
</testsuite> <!-- com.testautomation.apitesting.tests.DeleteApiRequest -->
