<?xml version="1.0" encoding="UTF-8"?>
<!-- Generated by org.testng.reporters.JUnitReportReporter -->
<testsuite hostname="DESKTOP-DHS7HH7" failures="0" tests="1" name="com.testautomation.apitesting.tests.PostApiRequest" time="6.263" errors="0" timestamp="2023-04-24T13:02:34 IST" skipped="0">
  <testcase classname="com.testautomation.apitesting.tests.PostApiRequest" name="CreateBooking" time="6.263"/>
  <system-out/>
</testsuite> <!-- com.testautomation.apitesting.tests.PostApiRequest -->
